C:\USERS\FOX\DESKTOP\BIGINT\BIGINTEGER\RELEASE\BIGINT.OBJ
C:\USERS\FOX\DESKTOP\BIGINT\BIGINTEGER\RELEASE\BIGINTEGER.EXE.INTERMEDIATE.MANIFEST
C:\USERS\FOX\DESKTOP\BIGINT\BIGINTEGER\RELEASE\MAIN.OBJ
C:\USERS\FOX\DESKTOP\BIGINT\BIGINTEGER\RELEASE\VC100.PDB
C:\USERS\FOX\DESKTOP\BIGINT\RELEASE\BIGINTEGER.EXE
C:\USERS\FOX\DESKTOP\BIGINT\RELEASE\BIGINTEGER.PDB
C:\Users\FOX\Documents\GitHub\BigInt\BigInteger\Release\BigInt.obj
C:\Users\FOX\Documents\GitHub\BigInt\BigInteger\Release\BigInteger.exe.intermediate.manifest
C:\Users\FOX\Documents\GitHub\BigInt\BigInteger\Release\cl.command.1.tlog
C:\Users\FOX\Documents\GitHub\BigInt\BigInteger\Release\CL.read.1.tlog
C:\Users\FOX\Documents\GitHub\BigInt\BigInteger\Release\CL.write.1.tlog
C:\Users\FOX\Documents\GitHub\BigInt\BigInteger\Release\link.command.1.tlog
C:\Users\FOX\Documents\GitHub\BigInt\BigInteger\Release\link.read.1.tlog
C:\Users\FOX\Documents\GitHub\BigInt\BigInteger\Release\link.write.1.tlog
C:\Users\FOX\Documents\GitHub\BigInt\BigInteger\Release\main.obj
C:\Users\FOX\Documents\GitHub\BigInt\BigInteger\Release\mt.command.1.tlog
C:\Users\FOX\Documents\GitHub\BigInt\BigInteger\Release\mt.read.1.tlog
C:\Users\FOX\Documents\GitHub\BigInt\BigInteger\Release\mt.write.1.tlog
C:\Users\FOX\Documents\GitHub\BigInt\BigInteger\Release\vc100.pdb
C:\Users\FOX\Documents\GitHub\BigInt\Release\BigInteger.exe
C:\Users\FOX\Documents\GitHub\BigInt\Release\BigInteger.pdb
